<?xml version="1.0" encoding="UTF-8"?>
<!-- Generated by org.testng.reporters.JUnitReportReporter -->
<testsuite skipped="0" hostname="GLB-BAN-438-PC" name="com.SB.qa.testcases.UpgradeplanpageTest" tests="2" failures="0" timestamp="20 Feb 2018 14:11:15 GMT" time="106.477" errors="0">
  <testcase name="verifyReferralpageTest" time="57.137" classname="com.SB.qa.testcases.UpgradeplanpageTest"/>
  <testcase name="PlanTest" time="49.340" classname="com.SB.qa.testcases.UpgradeplanpageTest"/>
</testsuite> <!-- com.SB.qa.testcases.UpgradeplanpageTest -->
