<?xml version="1.0" encoding="UTF-8"?>
<!-- Generated by org.testng.reporters.JUnitReportReporter -->
<testsuite skipped="0" hostname="GLB-BAN-438-PC" name="com.SB.qa.testcases.PublicimagelibrarymoduleTest" tests="1" failures="0" timestamp="26 Feb 2018 10:28:23 GMT" time="33.254" errors="0">
  <testcase name="verifypublicimagelibrarypageurl" time="33.254" classname="com.SB.qa.testcases.PublicimagelibrarymoduleTest"/>
</testsuite> <!-- com.SB.qa.testcases.PublicimagelibrarymoduleTest -->
