<?xml version="1.0" encoding="UTF-8"?>
<!-- Generated by org.testng.reporters.JUnitReportReporter -->
<testsuite skipped="0" hostname="GLB-BAN-438-PC" name="com.SB.qa.testcases.LoginpageTest" tests="3" failures="0" timestamp="03 Feb 2018 12:26:08 GMT" time="104.207" errors="0">
  <testcase name="loginpagetitleTest" time="37.381" classname="com.SB.qa.testcases.LoginpageTest"/>
  <testcase name="SBlogoimageTest" time="26.779" classname="com.SB.qa.testcases.LoginpageTest"/>
  <testcase name="loginTest" time="40.047" classname="com.SB.qa.testcases.LoginpageTest"/>
</testsuite> <!-- com.SB.qa.testcases.LoginpageTest -->
