<?xml version="1.0" encoding="UTF-8"?>
<!-- Generated by org.testng.reporters.JUnitReportReporter -->
<testsuite skipped="1" hostname="GLB-BAN-438-PC" name="com.SB.qa.testcases.CompanypageTest" tests="2" failures="0" timestamp="06 Mar 2018 14:25:59 GMT" time="22.980" errors="0">
  <testcase name="AllLinks" time="22.980" classname="com.SB.qa.testcases.CompanypageTest"/>
  <testcase name="VerifyCompanypage" classname="com.SB.qa.testcases.CompanypageTest">
    <skipped/>
  </testcase> <!-- VerifyCompanypage -->
</testsuite> <!-- com.SB.qa.testcases.CompanypageTest -->
