<?xml version="1.0" encoding="UTF-8"?>
<!-- Generated by org.testng.reporters.JUnitReportReporter -->
<testsuite skipped="0" hostname="GLB-BAN-438-PC" name="com.SB.qa.testcases.ReferralpagemoduleTest" tests="2" failures="0" timestamp="20 Feb 2018 13:07:53 GMT" time="126.756" errors="0">
  <testcase name="ReferralTest" time="69.880" classname="com.SB.qa.testcases.ReferralpagemoduleTest"/>
  <testcase name="verifyReferralpageTest" time="56.876" classname="com.SB.qa.testcases.ReferralpagemoduleTest"/>
</testsuite> <!-- com.SB.qa.testcases.ReferralpagemoduleTest -->
