<?xml version="1.0" encoding="UTF-8"?>
<!-- Generated by org.testng.reporters.JUnitReportReporter -->
<testsuite skipped="0" hostname="GLB-BAN-438-PC" name="com.SB.qa.testcases.LinkShorteningpageTest" tests="1" failures="0" timestamp="26 Feb 2018 11:44:29 GMT" time="37.036" errors="0">
  <testcase name="verifyLinkShorteningpageTest" time="37.036" classname="com.SB.qa.testcases.LinkShorteningpageTest"/>
</testsuite> <!-- com.SB.qa.testcases.LinkShorteningpageTest -->
