<?xml version="1.0" encoding="UTF-8"?>
<!-- Generated by org.testng.reporters.JUnitReportReporter -->
<testsuite skipped="0" hostname="GLB-BAN-438-PC" name="com.SB.qa.testcases.ApppageTest" tests="1" failures="0" timestamp="28 Feb 2018 11:21:58 GMT" time="38.726" errors="0">
  <testcase name="verifyApppageTest" time="38.726" classname="com.SB.qa.testcases.ApppageTest"/>
</testsuite> <!-- com.SB.qa.testcases.ApppageTest -->
