<?xml version="1.0" encoding="UTF-8"?>
<!-- Generated by org.testng.reporters.JUnitReportReporter -->
<testsuite skipped="0" hostname="GLB-BAN-438-PC" name="com.SB.qa.testcases.BillingpageTest" tests="4" failures="0" timestamp="21 Feb 2018 11:21:23 GMT" time="165.314" errors="0">
  <testcase name="verifyBillingpageTest" time="37.357" classname="com.SB.qa.testcases.BillingpageTest"/>
  <testcase name="SwitchbusinessplansTest" time="42.242" classname="com.SB.qa.testcases.BillingpageTest"/>
  <testcase name="DownloadinvoiceTest" time="45.019" classname="com.SB.qa.testcases.BillingpageTest"/>
  <testcase name="CancelplanTest" time="40.696" classname="com.SB.qa.testcases.BillingpageTest"/>
</testsuite> <!-- com.SB.qa.testcases.BillingpageTest -->
