<?xml version="1.0" encoding="UTF-8"?>
<!-- Generated by org.testng.reporters.JUnitReportReporter -->
<testsuite skipped="0" hostname="GLB-BAN-438-PC" name="com.SB.qa.testcases.LandingpageTest" tests="1" failures="0" timestamp="05 Mar 2018 10:44:26 GMT" time="20.465" errors="0">
  <testcase name="LandingpagetitleTest" time="20.465" classname="com.SB.qa.testcases.LandingpageTest"/>
</testsuite> <!-- com.SB.qa.testcases.LandingpageTest -->
